<?xml version="1.0" encoding="UTF-8"?>
<!-- Generated by org.testng.reporters.JUnitReportReporter -->
<testsuite skipped="0" hostname="DESKTOP-N6RMJT6" name="com.decathlon.qa.testcases.SignUpTest" tests="1" failures="0" timestamp="2020-07-25T05:44:55 IST" time="20.474" errors="0">
  <testcase name="verifySignupPage" time="20.474" classname="com.decathlon.qa.testcases.SignUpTest"/>
  <system-out/>
</testsuite> <!-- com.decathlon.qa.testcases.SignUpTest -->
