<?xml version="1.0" encoding="UTF-8"?>
<!-- Generated by org.testng.reporters.JUnitReportReporter -->
<testsuite skipped="0" hostname="DESKTOP-N6RMJT6" name="com.shopizer.qa.testcases.SignUpTest" tests="1" failures="0" timestamp="2020-08-02T15:43:05 IST" time="20.706" errors="0">
  <testcase name="verifyRegistration" time="20.706" classname="com.shopizer.qa.testcases.SignUpTest"/>
  <system-out/>
</testsuite> <!-- com.shopizer.qa.testcases.SignUpTest -->
