<?xml version="1.0" encoding="UTF-8"?>
<!-- Generated by org.testng.reporters.JUnitReportReporter -->
<testsuite skipped="0" hostname="DESKTOP-N6RMJT6" name="com.decathlon.qa.testcases.HomePageTest" tests="2" failures="0" timestamp="2020-07-25T05:44:55 IST" time="81.070" errors="0">
  <testcase name="clickOnNoThanksButtonPopUpPage" time="38.482" classname="com.decathlon.qa.testcases.HomePageTest"/>
  <system-out/>
  <testcase name="verifyHomePageTitle" time="42.588" classname="com.decathlon.qa.testcases.HomePageTest"/>
  <system-out/>
</testsuite> <!-- com.decathlon.qa.testcases.HomePageTest -->
