<?xml version="1.0" encoding="UTF-8"?>
<!-- Generated by org.testng.reporters.JUnitReportReporter -->
<testsuite skipped="0" hostname="DESKTOP-N6RMJT6" name="com.shopizer.qa.testcases.LoginTest" tests="1" failures="0" timestamp="2020-07-26T10:37:11 IST" time="29.421" errors="0">
  <testcase name="verifyLoginUser" time="29.421" classname="com.shopizer.qa.testcases.LoginTest"/>
  <system-out/>
</testsuite> <!-- com.shopizer.qa.testcases.LoginTest -->
