<?xml version="1.0" encoding="UTF-8"?>
<!-- Generated by org.testng.reporters.JUnitReportReporter -->
<testsuite skipped="0" hostname="DESKTOP-N6RMJT6" name="com.shopizer.qa.testcases.HomePageTest" tests="1" failures="0" timestamp="2020-07-28T13:25:42 IST" time="10.263" errors="0">
  <testcase name="verifyHomePageTitle" time="10.263" classname="com.shopizer.qa.testcases.HomePageTest"/>
  <system-out/>
</testsuite> <!-- com.shopizer.qa.testcases.HomePageTest -->
