<?xml version="1.0" encoding="UTF-8"?>
<!-- Generated by org.testng.reporters.JUnitReportReporter -->
<testsuite skipped="0" hostname="DESKTOP-N6RMJT6" name="com.shopizer.qa.testcases.LoginLogoutTest" tests="1" failures="0" timestamp="2020-07-28T13:25:42 IST" time="21.078" errors="0">
  <testcase name="verifyLoginUser" time="21.078" classname="com.shopizer.qa.testcases.LoginLogoutTest"/>
  <system-out/>
</testsuite> <!-- com.shopizer.qa.testcases.LoginLogoutTest -->
