<?xml version="1.0" encoding="UTF-8"?>
<!-- Generated by org.testng.reporters.JUnitReportReporter -->
<testsuite skipped="0" hostname="DESKTOP-N6RMJT6" name="com.shopizer.qa.testcases.SignUpTest" tests="1" failures="0" timestamp="2020-08-02T22:09:20 IST" time="21.723" errors="0">
  <testcase name="verifyRegistration" time="21.723" classname="com.shopizer.qa.testcases.SignUpTest"/>
  <system-out/>
</testsuite> <!-- com.shopizer.qa.testcases.SignUpTest -->
