<?xml version="1.0" encoding="UTF-8"?>
<!-- Generated by org.testng.reporters.JUnitReportReporter -->
<testsuite skipped="0" hostname="DESKTOP-N6RMJT6" name="com.shopizer.qa.testcases.HomePageTest" tests="1" failures="0" timestamp="2020-07-28T13:24:01 IST" time="13.929" errors="0">
  <testcase name="verifyHomePageTitle" time="13.929" classname="com.shopizer.qa.testcases.HomePageTest"/>
  <system-out/>
</testsuite> <!-- com.shopizer.qa.testcases.HomePageTest -->
