<?xml version="1.0" encoding="UTF-8"?>
<!-- Generated by org.testng.reporters.JUnitReportReporter -->
<testsuite skipped="0" hostname="DESKTOP-N6RMJT6" name="com.shopizer.qa.testcases.WomenTestCase" tests="2" failures="0" timestamp="2020-08-02T22:09:20 IST" time="30.102" errors="0">
  <testcase name="clickOnWomenDropdown" time="17.047" classname="com.shopizer.qa.testcases.WomenTestCase"/>
  <system-out/>
  <testcase name="verifyWomenDropDown" time="13.055" classname="com.shopizer.qa.testcases.WomenTestCase"/>
  <system-out/>
</testsuite> <!-- com.shopizer.qa.testcases.WomenTestCase -->
